<?xml version="1.0" encoding="UTF-8"?>
<testsuite name="UserPasswordUnitTests" tests="3" skipped="0" failures="0" errors="0" timestamp="2023-03-20T16:50:10" hostname="GuanzhongdeMacBook-Pro.local" time="2.967">
  <properties/>
  <testcase name="samePasswordMatches()" classname="UserPasswordUnitTests" time="0.592"/>
  <testcase name="differentPasswordDoesNotMatch()" classname="UserPasswordUnitTests" time="2.077"/>
  <testcase name="passwordIsNotLoggedInPlaintext()" classname="UserPasswordUnitTests" time="0.297"/>
  <system-out><![CDATA[]]></system-out>
  <system-err><![CDATA[]]></system-err>
</testsuite>
