<?xml version="1.0" encoding="UTF-8"?>
<testsuite name="UpdateProfileTests" tests="10" skipped="0" failures="0" errors="0" timestamp="2023-03-20T16:50:01" hostname="GuanzhongdeMacBook-Pro.local" time="5.944">
  <properties/>
  <testcase name="updateConsumerNewEmailAndRelogin()" classname="UpdateProfileTests" time="1.192"/>
  <testcase name="updateConsumerName()" classname="UpdateProfileTests" time="0.888"/>
  <testcase name="updateConsumerEmailInvalidatesOldEmail()" classname="UpdateProfileTests" time="0.889"/>
  <testcase name="updateProviderNotLoggedIn()" classname="UpdateProfileTests" time="0.001"/>
  <testcase name="updateConsumerWrongPassword()" classname="UpdateProfileTests" time="0.596"/>
  <testcase name="updateConsumerTakenEmail()" classname="UpdateProfileTests" time="0.888"/>
  <testcase name="updateProviderAsConsumer()" classname="UpdateProfileTests" time="0.593"/>
  <testcase name="updateConsumerAsProvider()" classname="UpdateProfileTests" time="0.593"/>
  <testcase name="updateConsumerNullName()" classname="UpdateProfileTests" time="0.297"/>
  <testcase name="updateConsumerNotLoggedIn()" classname="UpdateProfileTests" time="0.001"/>
  <system-out><![CDATA[updateConsumerNewEmailAndRelogin()
?[32mRegisterConsumerCommand({password=***, address=55.94872684464941 -3.199892044473183, phoneNumber=01324456897, name=Chihuahua Fan, email=i-would-never-steal-a@dog.xd}) => REGISTER_CONSUMER_SUCCESS?[0m
?[32mRegisterConsumerCommand({password=***, email=i-would-never-steal-a@dog.xd}) => USER_LOGIN_SUCCESS?[0m
?[32mUpdateConsumerProfileCommand({preferences=ConsumerPreferences{preferSocialDistancing=false, preferAirFiltration=false, preferOutdoorsOnly=false, preferredMaxCapacity=2147483647}, newName=Alice, newPhoneNumber=000, newPassword=***, newEmail=peter@parker.com, newAddress=}) => USER_UPDATE_PROFILE_SUCCESS?[0m
?[32mLogoutCommand => USER_LOGOUT_SUCCESS?[0m
?[32mLoginCommand({password=***, email=peter@parker.com}) => USER_LOGIN_SUCCESS?[0m
---
updateConsumerName()
?[32mRegisterConsumerCommand({password=***, address=55.94872684464941 -3.199892044473183, phoneNumber=01324456897, name=Chihuahua Fan, email=i-would-never-steal-a@dog.xd}) => REGISTER_CONSUMER_SUCCESS?[0m
?[32mRegisterConsumerCommand({password=***, email=i-would-never-steal-a@dog.xd}) => USER_LOGIN_SUCCESS?[0m
?[32mUpdateConsumerProfileCommand({preferences=ConsumerPreferences{preferSocialDistancing=false, preferAirFiltration=false, preferOutdoorsOnly=false, preferredMaxCapacity=2147483647}, newName=Alice, newPhoneNumber=000, newPassword=***, newEmail=i-would-never-steal-a@dog.xd, newAddress=}) => USER_UPDATE_PROFILE_SUCCESS?[0m
---
updateConsumerEmailInvalidatesOldEmail()
?[32mRegisterConsumerCommand({password=***, address=55.94872684464941 -3.199892044473183, phoneNumber=01324456897, name=Chihuahua Fan, email=i-would-never-steal-a@dog.xd}) => REGISTER_CONSUMER_SUCCESS?[0m
?[32mRegisterConsumerCommand({password=***, email=i-would-never-steal-a@dog.xd}) => USER_LOGIN_SUCCESS?[0m
?[32mUpdateConsumerProfileCommand({preferences=ConsumerPreferences{preferSocialDistancing=false, preferAirFiltration=false, preferOutdoorsOnly=false, preferredMaxCapacity=2147483647}, newName=Alice, newPhoneNumber=000, newPassword=***, newEmail=peter@parker.com, newAddress=}) => USER_UPDATE_PROFILE_SUCCESS?[0m
?[32mLogoutCommand => USER_LOGOUT_SUCCESS?[0m
?[33mLoginCommand({password=***, email=i-would-never-steal-a@dog.xd}) => USER_LOGIN_EMAIL_NOT_REGISTERED?[0m
---
updateProviderNotLoggedIn()
?[33mUpdateProfileCommand => USER_UPDATE_PROFILE_NOT_LOGGED_IN?[0m
---
updateConsumerWrongPassword()
?[32mRegisterConsumerCommand({password=***, address=55.94872684464941 -3.199892044473183, phoneNumber=01324456897, name=Chihuahua Fan, email=i-would-never-steal-a@dog.xd}) => REGISTER_CONSUMER_SUCCESS?[0m
?[32mRegisterConsumerCommand({password=***, email=i-would-never-steal-a@dog.xd}) => USER_LOGIN_SUCCESS?[0m
?[33mUpdateProfileCommand => USER_UPDATE_PROFILE_WRONG_PASSWORD?[0m
---
updateConsumerTakenEmail()
?[32mRegisterConsumerCommand({password=***, address=55.94872684464941 -3.199892044473183, phoneNumber=01324456897, name=Domain Parker, email=peter@parker.com}) => REGISTER_CONSUMER_SUCCESS?[0m
?[32mRegisterConsumerCommand({password=***, email=peter@parker.com}) => USER_LOGIN_SUCCESS?[0m
?[32mLogoutCommand => USER_LOGOUT_SUCCESS?[0m
?[32mRegisterConsumerCommand({password=***, address=55.94872684464941 -3.199892044473183, phoneNumber=01324456897, name=Chihuahua Fan, email=i-would-never-steal-a@dog.xd}) => REGISTER_CONSUMER_SUCCESS?[0m
?[32mRegisterConsumerCommand({password=***, email=i-would-never-steal-a@dog.xd}) => USER_LOGIN_SUCCESS?[0m
?[33mUpdateProfileCommand({old email=i-would-never-steal-a@dog.xd, new email=peter@parker.com}) => USER_UPDATE_PROFILE_EMAIL_ALREADY_IN_USE?[0m
---
updateProviderAsConsumer()
?[32mRegisterConsumerCommand({password=***, address=55.94872684464941 -3.199892044473183, phoneNumber=01324456897, name=Chihuahua Fan, email=i-would-never-steal-a@dog.xd}) => REGISTER_CONSUMER_SUCCESS?[0m
?[32mRegisterConsumerCommand({password=***, email=i-would-never-steal-a@dog.xd}) => USER_LOGIN_SUCCESS?[0m
?[33mUpdateStaffProfileCommand => USER_UPDATE_PROFILE_NOT_STAFF?[0m
---
updateConsumerAsProvider()
?[32mRegisterStaffCommand({password=***, email=bring-in-the-cash@pawsforawwws.org}) => REGISTER_STAFF_SUCCESS?[0m
?[32mRegisterStaffCommand({password=***, email=bring-in-the-cash@pawsforawwws.org}) => USER_LOGIN_SUCCESS?[0m
?[33mUpdateConsumerProfileCommand => USER_UPDATE_PROFILE_NOT_CONSUMER?[0m
---
updateConsumerNullName()
?[32mRegisterConsumerCommand({password=***, address=55.94872684464941 -3.199892044473183, phoneNumber=01324456897, name=Chihuahua Fan, email=i-would-never-steal-a@dog.xd}) => REGISTER_CONSUMER_SUCCESS?[0m
?[32mRegisterConsumerCommand({password=***, email=i-would-never-steal-a@dog.xd}) => USER_LOGIN_SUCCESS?[0m
?[33mUpdateConsumerProfileCommand({newName=null, oldPassword=***, newPhoneNumber=000, newPassword=***, newEmail=i-would-never-steal-a@dog.xd, newPreferences=ConsumerPreferences{preferSocialDistancing=false, preferAirFiltration=false, preferOutdoorsOnly=false, preferredMaxCapacity=2147483647}}) => USER_UPDATE_PROFILE_FIELDS_CANNOT_BE_NULL?[0m
---
updateConsumerNotLoggedIn()
?[33mUpdateProfileCommand => USER_UPDATE_PROFILE_NOT_LOGGED_IN?[0m
---
]]></system-out>
  <system-err><![CDATA[]]></system-err>
</testsuite>
