<?xml version="1.0" encoding="UTF-8"?>
<testsuite name="CreateEventTests" tests="4" skipped="0" failures="0" errors="0" timestamp="2023-03-20T16:50:00" hostname="GuanzhongdeMacBook-Pro.local" time="1.195">
  <properties/>
  <testcase name="createEventWithEndBeforeStart()" classname="CreateEventTests" time="0.299"/>
  <testcase name="createNonTicketedEvent()" classname="CreateEventTests" time="0.299"/>
  <testcase name="createTicketedEvent()" classname="CreateEventTests" time="0.298"/>
  <testcase name="createEventInThePast()" classname="CreateEventTests" time="0.298"/>
  <system-out><![CDATA[createEventWithEndBeforeStart()
?[32mRegisterStaffCommand({password=***, email=hasta@vista.baby}) => REGISTER_STAFF_SUCCESS?[0m
?[32mRegisterStaffCommand({password=***, email=hasta@vista.baby}) => USER_LOGIN_SUCCESS?[0m
?[33mCreateEventCommand({startDateTime=2023-03-15T16:50:00.570911, endDateTime=2023-03-15T14:50:00.570930}) => CREATE_EVENT_START_AFTER_END?[0m
---
createNonTicketedEvent()
?[32mRegisterStaffCommand({password=***, email=bring-in-the-cash@pawsforawwws.org}) => REGISTER_STAFF_SUCCESS?[0m
?[32mRegisterStaffCommand({password=***, email=bring-in-the-cash@pawsforawwws.org}) => USER_LOGIN_SUCCESS?[0m
?[32mCreateEventCommand({organiser=Staff, eventNumber=1, title=Puppies against depression}) => CREATE_EVENT_SUCCESS?[0m
---
createTicketedEvent()
?[32mRegisterStaffCommand({password=***, email=bring-in-the-cash@pawsforawwws.org}) => REGISTER_STAFF_SUCCESS?[0m
?[32mRegisterStaffCommand({password=***, email=bring-in-the-cash@pawsforawwws.org}) => USER_LOGIN_SUCCESS?[0m
?[32mCreateEventCommand({organiser=Staff, eventNumber=1, title=Puppies against depression}) => CREATE_EVENT_SUCCESS?[0m
?[32mLogoutCommand => USER_LOGOUT_SUCCESS?[0m
---
createEventInThePast()
?[32mRegisterStaffCommand({password=***, email=hasta@vista.baby}) => REGISTER_STAFF_SUCCESS?[0m
?[32mRegisterStaffCommand({password=***, email=hasta@vista.baby}) => USER_LOGIN_SUCCESS?[0m
?[33mCreateEventCommand({startDateTime=2023-03-15T16:50:01.467180}) => CREATE_EVENT_IN_THE_PAST?[0m
---
]]></system-out>
  <system-err><![CDATA[]]></system-err>
</testsuite>
