<?xml version="1.0" encoding="UTF-8"?>
<testsuite name="BookEventTests" tests="6" skipped="0" failures="0" errors="0" timestamp="2023-03-20T16:49:47" hostname="GuanzhongdeMacBook-Pro.local" time="3.348">
  <properties/>
  <testcase name="bookTicketedEventMultiBookings()" classname="BookEventTests" time="0.678"/>
  <testcase name="bookEventNotLoggedIn()" classname="BookEventTests" time="0.298"/>
  <testcase name="overbookTicketedEventMultiBookings()" classname="BookEventTests" time="0.592"/>
  <testcase name="overbookTicketedEvent()" classname="BookEventTests" time="0.592"/>
  <testcase name="bookTicketedEvent()" classname="BookEventTests" time="0.593"/>
  <testcase name="bookNonExistingEvent()" classname="BookEventTests" time="0.591"/>
  <system-out><![CDATA[bookTicketedEventMultiBookings()
?[32mRegisterStaffCommand({password=***, email=bring-in-the-cash@pawsforawwws.org}) => REGISTER_STAFF_SUCCESS?[0m
?[32mRegisterStaffCommand({password=***, email=bring-in-the-cash@pawsforawwws.org}) => USER_LOGIN_SUCCESS?[0m
?[32mCreateEventCommand({organiser=Staff, eventNumber=1, title=Puppies against depression}) => CREATE_EVENT_SUCCESS?[0m
?[32mLogoutCommand => USER_LOGOUT_SUCCESS?[0m
?[32mRegisterConsumerCommand({password=***, address=55.94872684464941 -3.199892044473183, phoneNumber=01324456897, name=Chihuahua Fan, email=i-would-never-steal-a@dog.xd}) => REGISTER_CONSUMER_SUCCESS?[0m
?[32mRegisterConsumerCommand({password=***, email=i-would-never-steal-a@dog.xd}) => USER_LOGIN_SUCCESS?[0m
?[32mListEventsCommand({eventList=[Event{eventNumber=1, title='Puppies against depression', type=Theatre, numTicketsCap=5, ticketPriceInPence=0, venueAddress='55.94368888764689 -3.1888246174917114', description='Please be prepared to pay 2.50 pounds on entry', startDateTime=2023-03-20T17:49:48.065530, endDateTime=2023-03-20T18:49:48.066087, hasSocialDistancing=false, hasAirFiltration=false, isOutdoors=true, status=ACTIVE, numTicketsLeft=5}], searchDate=null, activeEventsOnly=false, userEventsOnly=false}) => LIST_EVENTS_SUCCESS?[0m
?[32mBookEventCommand({numTicketsRequested=3, eventNumber=1}) => BOOK_EVENT_SUCCESS?[0m
?[32mBookEventCommand({numTicketsRequested=2, eventNumber=1}) => BOOK_EVENT_SUCCESS?[0m
---
bookEventNotLoggedIn()
?[32mRegisterStaffCommand({password=***, email=bring-in-the-cash@pawsforawwws.org}) => REGISTER_STAFF_SUCCESS?[0m
?[32mRegisterStaffCommand({password=***, email=bring-in-the-cash@pawsforawwws.org}) => USER_LOGIN_SUCCESS?[0m
?[32mCreateEventCommand({organiser=Staff, eventNumber=1, title=Puppies against depression}) => CREATE_EVENT_SUCCESS?[0m
?[32mListEventsCommand({eventList=[Event{eventNumber=1, title='Puppies against depression', type=Theatre, numTicketsCap=5, ticketPriceInPence=0, venueAddress='55.94368888764689 -3.1888246174917114', description='Please be prepared to pay 2.50 pounds on entry', startDateTime=2023-03-20T17:49:48.679550, endDateTime=2023-03-20T18:49:48.679575, hasSocialDistancing=false, hasAirFiltration=false, isOutdoors=true, status=ACTIVE, numTicketsLeft=5}], searchDate=null, activeEventsOnly=false, userEventsOnly=false}) => LIST_EVENTS_SUCCESS?[0m
?[33mBookEventCommand({currentUser=Staff}) => BOOK_EVENT_USER_NOT_CONSUMER?[0m
---
overbookTicketedEventMultiBookings()
?[32mRegisterStaffCommand({password=***, email=bring-in-the-cash@pawsforawwws.org}) => REGISTER_STAFF_SUCCESS?[0m
?[32mRegisterStaffCommand({password=***, email=bring-in-the-cash@pawsforawwws.org}) => USER_LOGIN_SUCCESS?[0m
?[32mCreateEventCommand({organiser=Staff, eventNumber=1, title=Puppies against depression}) => CREATE_EVENT_SUCCESS?[0m
?[32mLogoutCommand => USER_LOGOUT_SUCCESS?[0m
?[32mRegisterConsumerCommand({password=***, address=55.94872684464941 -3.199892044473183, phoneNumber=01324456897, name=Chihuahua Fan, email=i-would-never-steal-a@dog.xd}) => REGISTER_CONSUMER_SUCCESS?[0m
?[32mRegisterConsumerCommand({password=***, email=i-would-never-steal-a@dog.xd}) => USER_LOGIN_SUCCESS?[0m
?[32mListEventsCommand({eventList=[Event{eventNumber=1, title='Puppies against depression', type=Theatre, numTicketsCap=2, ticketPriceInPence=0, venueAddress='55.94368888764689 -3.1888246174917114', description='Please be prepared to pay 2.50 pounds on entry', startDateTime=2023-03-20T17:49:48.978240, endDateTime=2023-03-20T18:49:48.978268, hasSocialDistancing=false, hasAirFiltration=false, isOutdoors=true, status=ACTIVE, numTicketsLeft=2}], searchDate=null, activeEventsOnly=false, userEventsOnly=false}) => LIST_EVENTS_SUCCESS?[0m
?[32mBookEventCommand({numTicketsRequested=1, eventNumber=1}) => BOOK_EVENT_SUCCESS?[0m
?[33mBookEventCommand({numTicketsRequested=2, eventNumber=1, numTicketsLeft=1}) => BOOK_EVENT_NOT_ENOUGH_TICKETS_LEFT?[0m
---
overbookTicketedEvent()
?[32mRegisterStaffCommand({password=***, email=bring-in-the-cash@pawsforawwws.org}) => REGISTER_STAFF_SUCCESS?[0m
?[32mRegisterStaffCommand({password=***, email=bring-in-the-cash@pawsforawwws.org}) => USER_LOGIN_SUCCESS?[0m
?[32mCreateEventCommand({organiser=Staff, eventNumber=1, title=Puppies against depression}) => CREATE_EVENT_SUCCESS?[0m
?[32mLogoutCommand => USER_LOGOUT_SUCCESS?[0m
?[32mRegisterConsumerCommand({password=***, address=55.94872684464941 -3.199892044473183, phoneNumber=01324456897, name=Chihuahua Fan, email=i-would-never-steal-a@dog.xd}) => REGISTER_CONSUMER_SUCCESS?[0m
?[32mRegisterConsumerCommand({password=***, email=i-would-never-steal-a@dog.xd}) => USER_LOGIN_SUCCESS?[0m
?[32mListEventsCommand({eventList=[Event{eventNumber=1, title='Puppies against depression', type=Theatre, numTicketsCap=1, ticketPriceInPence=0, venueAddress='55.94368888764689 -3.1888246174917114', description='Please be prepared to pay 2.50 pounds on entry', startDateTime=2023-03-20T17:49:49.570433, endDateTime=2023-03-20T18:49:49.570468, hasSocialDistancing=false, hasAirFiltration=false, isOutdoors=true, status=ACTIVE, numTicketsLeft=1}], searchDate=null, activeEventsOnly=false, userEventsOnly=false}) => LIST_EVENTS_SUCCESS?[0m
?[33mBookEventCommand({numTicketsRequested=2, eventNumber=1, numTicketsLeft=1}) => BOOK_EVENT_NOT_ENOUGH_TICKETS_LEFT?[0m
---
bookTicketedEvent()
?[32mRegisterStaffCommand({password=***, email=bring-in-the-cash@pawsforawwws.org}) => REGISTER_STAFF_SUCCESS?[0m
?[32mRegisterStaffCommand({password=***, email=bring-in-the-cash@pawsforawwws.org}) => USER_LOGIN_SUCCESS?[0m
?[32mCreateEventCommand({organiser=Staff, eventNumber=1, title=Puppies against depression}) => CREATE_EVENT_SUCCESS?[0m
?[32mLogoutCommand => USER_LOGOUT_SUCCESS?[0m
?[32mRegisterConsumerCommand({password=***, address=55.94872684464941 -3.199892044473183, phoneNumber=01324456897, name=Chihuahua Fan, email=i-would-never-steal-a@dog.xd}) => REGISTER_CONSUMER_SUCCESS?[0m
?[32mRegisterConsumerCommand({password=***, email=i-would-never-steal-a@dog.xd}) => USER_LOGIN_SUCCESS?[0m
?[32mListEventsCommand({eventList=[Event{eventNumber=1, title='Puppies against depression', type=Theatre, numTicketsCap=1, ticketPriceInPence=0, venueAddress='55.94368888764689 -3.1888246174917114', description='Please be prepared to pay 2.50 pounds on entry', startDateTime=2023-03-20T17:49:50.164651, endDateTime=2023-03-20T18:49:50.164677, hasSocialDistancing=false, hasAirFiltration=false, isOutdoors=true, status=ACTIVE, numTicketsLeft=1}], searchDate=null, activeEventsOnly=false, userEventsOnly=false}) => LIST_EVENTS_SUCCESS?[0m
?[32mBookEventCommand({numTicketsRequested=1, eventNumber=1}) => BOOK_EVENT_SUCCESS?[0m
---
bookNonExistingEvent()
?[32mRegisterStaffCommand({password=***, email=bring-in-the-cash@pawsforawwws.org}) => REGISTER_STAFF_SUCCESS?[0m
?[32mRegisterStaffCommand({password=***, email=bring-in-the-cash@pawsforawwws.org}) => USER_LOGIN_SUCCESS?[0m
?[32mCreateEventCommand({organiser=Staff, eventNumber=1, title=Puppies against depression}) => CREATE_EVENT_SUCCESS?[0m
?[32mLogoutCommand => USER_LOGOUT_SUCCESS?[0m
?[32mRegisterConsumerCommand({password=***, address=55.94872684464941 -3.199892044473183, phoneNumber=01324456897, name=Chihuahua Fan, email=i-would-never-steal-a@dog.xd}) => REGISTER_CONSUMER_SUCCESS?[0m
?[32mRegisterConsumerCommand({password=***, email=i-would-never-steal-a@dog.xd}) => USER_LOGIN_SUCCESS?[0m
?[33mBookEventCommand({eventNumber=1324}) => BOOK_EVENT_EVENT_NOT_FOUND?[0m
---
]]></system-out>
  <system-err><![CDATA[]]></system-err>
</testsuite>
