<?xml version="1.0" encoding="UTF-8"?>
<testsuite name="CancelBookingTests" tests="7" skipped="0" failures="0" errors="0" timestamp="2023-03-20T16:49:51" hostname="GuanzhongdeMacBook-Pro.local" time="4.727">
  <properties/>
  <testcase name="cancelAnotherUsersBooking()" classname="CancelBookingTests" time="0.886"/>
  <testcase name="cancelNotLoggedIn()" classname="CancelBookingTests" time="0.593"/>
  <testcase name="cancelNonExistingBooking()" classname="CancelBookingTests" time="0.59"/>
  <testcase name="cancelBookingWithin24H()" classname="CancelBookingTests" time="0.59"/>
  <testcase name="bookEventThenCancelBooking()" classname="CancelBookingTests" time="0.59"/>
  <testcase name="cancelNotConsumer()" classname="CancelBookingTests" time="0.884"/>
  <testcase name="cancelBookingTwice()" classname="CancelBookingTests" time="0.591"/>
  <system-out><![CDATA[cancelAnotherUsersBooking()
?[32mRegisterStaffCommand({password=***, email=bring-in-the-cash@pawsforawwws.org}) => REGISTER_STAFF_SUCCESS?[0m
?[32mRegisterStaffCommand({password=***, email=bring-in-the-cash@pawsforawwws.org}) => USER_LOGIN_SUCCESS?[0m
?[32mCreateEventCommand({organiser=Staff, eventNumber=1, title=Puppies against depression}) => CREATE_EVENT_SUCCESS?[0m
?[32mLogoutCommand => USER_LOGOUT_SUCCESS?[0m
?[32mRegisterConsumerCommand({password=***, address=55.94872684464941 -3.199892044473183, phoneNumber=01324456897, name=Chihuahua Fan, email=i-would-never-steal-a@dog.xd}) => REGISTER_CONSUMER_SUCCESS?[0m
?[32mRegisterConsumerCommand({password=***, email=i-would-never-steal-a@dog.xd}) => USER_LOGIN_SUCCESS?[0m
?[32mListEventsCommand({eventList=[Event{eventNumber=1, title='Puppies against depression', type=Theatre, numTicketsCap=5, ticketPriceInPence=0, venueAddress='55.94368888764689 -3.1888246174917114', description='Please be prepared to pay 2.50 pounds on entry', startDateTime=2023-03-22T16:49:51.350203, endDateTime=2023-03-22T17:49:51.350228, hasSocialDistancing=false, hasAirFiltration=false, isOutdoors=true, status=ACTIVE, numTicketsLeft=5}], searchDate=null, activeEventsOnly=false, userEventsOnly=false}) => LIST_EVENTS_SUCCESS?[0m
?[32mBookEventCommand({numTicketsRequested=2, eventNumber=1}) => BOOK_EVENT_SUCCESS?[0m
?[32mLogoutCommand => USER_LOGOUT_SUCCESS?[0m
?[32mRegisterConsumerCommand({password=***, address=null, phoneNumber=999, name=Evil, email=clever@hacks.net}) => REGISTER_CONSUMER_SUCCESS?[0m
?[32mRegisterConsumerCommand({password=***, email=clever@hacks.net}) => USER_LOGIN_SUCCESS?[0m
?[33mCancelBookingCommand({bookingNumber=1}) => CANCEL_BOOKING_USER_IS_NOT_BOOKER?[0m
---
cancelNotLoggedIn()
?[32mRegisterStaffCommand({password=***, email=bring-in-the-cash@pawsforawwws.org}) => REGISTER_STAFF_SUCCESS?[0m
?[32mRegisterStaffCommand({password=***, email=bring-in-the-cash@pawsforawwws.org}) => USER_LOGIN_SUCCESS?[0m
?[32mCreateEventCommand({organiser=Staff, eventNumber=1, title=Puppies against depression}) => CREATE_EVENT_SUCCESS?[0m
?[32mLogoutCommand => USER_LOGOUT_SUCCESS?[0m
?[32mRegisterConsumerCommand({password=***, address=55.94872684464941 -3.199892044473183, phoneNumber=01324456897, name=Chihuahua Fan, email=i-would-never-steal-a@dog.xd}) => REGISTER_CONSUMER_SUCCESS?[0m
?[32mRegisterConsumerCommand({password=***, email=i-would-never-steal-a@dog.xd}) => USER_LOGIN_SUCCESS?[0m
?[32mListEventsCommand({eventList=[Event{eventNumber=1, title='Puppies against depression', type=Theatre, numTicketsCap=1, ticketPriceInPence=0, venueAddress='55.94368888764689 -3.1888246174917114', description='Please be prepared to pay 2.50 pounds on entry', startDateTime=2023-03-22T16:49:52.236155, endDateTime=2023-03-22T17:49:52.236177, hasSocialDistancing=false, hasAirFiltration=false, isOutdoors=true, status=ACTIVE, numTicketsLeft=1}], searchDate=null, activeEventsOnly=false, userEventsOnly=false}) => LIST_EVENTS_SUCCESS?[0m
?[32mBookEventCommand({numTicketsRequested=1, eventNumber=1}) => BOOK_EVENT_SUCCESS?[0m
?[32mLogoutCommand => USER_LOGOUT_SUCCESS?[0m
?[33mCancelBookingCommand({currentUser=none, bookingNumber=1}) => CANCEL_BOOKING_USER_NOT_CONSUMER?[0m
---
cancelNonExistingBooking()
?[32mRegisterStaffCommand({password=***, email=bring-in-the-cash@pawsforawwws.org}) => REGISTER_STAFF_SUCCESS?[0m
?[32mRegisterStaffCommand({password=***, email=bring-in-the-cash@pawsforawwws.org}) => USER_LOGIN_SUCCESS?[0m
?[32mCreateEventCommand({organiser=Staff, eventNumber=1, title=Puppies against depression}) => CREATE_EVENT_SUCCESS?[0m
?[32mLogoutCommand => USER_LOGOUT_SUCCESS?[0m
?[32mRegisterConsumerCommand({password=***, address=55.94872684464941 -3.199892044473183, phoneNumber=01324456897, name=Chihuahua Fan, email=i-would-never-steal-a@dog.xd}) => REGISTER_CONSUMER_SUCCESS?[0m
?[32mRegisterConsumerCommand({password=***, email=i-would-never-steal-a@dog.xd}) => USER_LOGIN_SUCCESS?[0m
?[33mCancelBookingCommand({bookingNumber=103945}) => CANCEL_BOOKING_BOOKING_NOT_FOUND?[0m
---
cancelBookingWithin24H()
?[32mRegisterStaffCommand({password=***, email=bring-in-the-cash@pawsforawwws.org}) => REGISTER_STAFF_SUCCESS?[0m
?[32mRegisterStaffCommand({password=***, email=bring-in-the-cash@pawsforawwws.org}) => USER_LOGIN_SUCCESS?[0m
?[32mCreateEventCommand({organiser=Staff, eventNumber=1, title=Puppies against depression}) => CREATE_EVENT_SUCCESS?[0m
?[32mLogoutCommand => USER_LOGOUT_SUCCESS?[0m
?[32mRegisterConsumerCommand({password=***, address=55.94872684464941 -3.199892044473183, phoneNumber=01324456897, name=Chihuahua Fan, email=i-would-never-steal-a@dog.xd}) => REGISTER_CONSUMER_SUCCESS?[0m
?[32mRegisterConsumerCommand({password=***, email=i-would-never-steal-a@dog.xd}) => USER_LOGIN_SUCCESS?[0m
?[32mListEventsCommand({eventList=[Event{eventNumber=1, title='Puppies against depression', type=Theatre, numTicketsCap=5, ticketPriceInPence=0, venueAddress='55.94368888764689 -3.1888246174917114', description='Please be prepared to pay 2.50 pounds on entry', startDateTime=2023-03-21T04:49:53.419092, endDateTime=2023-03-21T05:49:53.419114, hasSocialDistancing=false, hasAirFiltration=false, isOutdoors=true, status=ACTIVE, numTicketsLeft=5}], searchDate=null, activeEventsOnly=false, userEventsOnly=false}) => LIST_EVENTS_SUCCESS?[0m
?[32mBookEventCommand({numTicketsRequested=2, eventNumber=1}) => BOOK_EVENT_SUCCESS?[0m
?[33mCancelBookingCommand({bookingNumber=1}) => CANCEL_BOOKING_NO_CANCELLATIONS_WITHIN_24H?[0m
---
bookEventThenCancelBooking()
?[32mRegisterStaffCommand({password=***, email=bring-in-the-cash@pawsforawwws.org}) => REGISTER_STAFF_SUCCESS?[0m
?[32mRegisterStaffCommand({password=***, email=bring-in-the-cash@pawsforawwws.org}) => USER_LOGIN_SUCCESS?[0m
?[32mCreateEventCommand({organiser=Staff, eventNumber=1, title=Puppies against depression}) => CREATE_EVENT_SUCCESS?[0m
?[32mLogoutCommand => USER_LOGOUT_SUCCESS?[0m
?[32mRegisterConsumerCommand({password=***, address=55.94872684464941 -3.199892044473183, phoneNumber=01324456897, name=Chihuahua Fan, email=i-would-never-steal-a@dog.xd}) => REGISTER_CONSUMER_SUCCESS?[0m
?[32mRegisterConsumerCommand({password=***, email=i-would-never-steal-a@dog.xd}) => USER_LOGIN_SUCCESS?[0m
?[32mListEventsCommand({eventList=[Event{eventNumber=1, title='Puppies against depression', type=Theatre, numTicketsCap=1, ticketPriceInPence=0, venueAddress='55.94368888764689 -3.1888246174917114', description='Please be prepared to pay 2.50 pounds on entry', startDateTime=2023-03-22T16:49:54.009546, endDateTime=2023-03-22T17:49:54.009581, hasSocialDistancing=false, hasAirFiltration=false, isOutdoors=true, status=ACTIVE, numTicketsLeft=1}], searchDate=null, activeEventsOnly=false, userEventsOnly=false}) => LIST_EVENTS_SUCCESS?[0m
?[32mBookEventCommand({numTicketsRequested=1, eventNumber=1}) => BOOK_EVENT_SUCCESS?[0m
?[32mCancelBookingCommand({bookingNumber=1}) => CANCEL_BOOKING_SUCCESS?[0m
---
cancelNotConsumer()
?[32mRegisterStaffCommand({password=***, email=bring-in-the-cash@pawsforawwws.org}) => REGISTER_STAFF_SUCCESS?[0m
?[32mRegisterStaffCommand({password=***, email=bring-in-the-cash@pawsforawwws.org}) => USER_LOGIN_SUCCESS?[0m
?[32mCreateEventCommand({organiser=Staff, eventNumber=1, title=Puppies against depression}) => CREATE_EVENT_SUCCESS?[0m
?[32mLogoutCommand => USER_LOGOUT_SUCCESS?[0m
?[32mRegisterConsumerCommand({password=***, address=55.94872684464941 -3.199892044473183, phoneNumber=01324456897, name=Chihuahua Fan, email=i-would-never-steal-a@dog.xd}) => REGISTER_CONSUMER_SUCCESS?[0m
?[32mRegisterConsumerCommand({password=***, email=i-would-never-steal-a@dog.xd}) => USER_LOGIN_SUCCESS?[0m
?[32mListEventsCommand({eventList=[Event{eventNumber=1, title='Puppies against depression', type=Theatre, numTicketsCap=1, ticketPriceInPence=0, venueAddress='55.94368888764689 -3.1888246174917114', description='Please be prepared to pay 2.50 pounds on entry', startDateTime=2023-03-22T16:49:54.600205, endDateTime=2023-03-22T17:49:54.600230, hasSocialDistancing=false, hasAirFiltration=false, isOutdoors=true, status=ACTIVE, numTicketsLeft=1}], searchDate=null, activeEventsOnly=false, userEventsOnly=false}) => LIST_EVENTS_SUCCESS?[0m
?[32mBookEventCommand({numTicketsRequested=1, eventNumber=1}) => BOOK_EVENT_SUCCESS?[0m
?[32mLogoutCommand => USER_LOGOUT_SUCCESS?[0m
?[32mLoginCommand({password=***, email=bring-in-the-cash@pawsforawwws.org}) => USER_LOGIN_SUCCESS?[0m
?[33mCancelBookingCommand({currentUser=Staff, bookingNumber=1}) => CANCEL_BOOKING_USER_NOT_CONSUMER?[0m
---
cancelBookingTwice()
?[32mRegisterStaffCommand({password=***, email=bring-in-the-cash@pawsforawwws.org}) => REGISTER_STAFF_SUCCESS?[0m
?[32mRegisterStaffCommand({password=***, email=bring-in-the-cash@pawsforawwws.org}) => USER_LOGIN_SUCCESS?[0m
?[32mCreateEventCommand({organiser=Staff, eventNumber=1, title=Puppies against depression}) => CREATE_EVENT_SUCCESS?[0m
?[32mLogoutCommand => USER_LOGOUT_SUCCESS?[0m
?[32mRegisterConsumerCommand({password=***, address=55.94872684464941 -3.199892044473183, phoneNumber=01324456897, name=Chihuahua Fan, email=i-would-never-steal-a@dog.xd}) => REGISTER_CONSUMER_SUCCESS?[0m
?[32mRegisterConsumerCommand({password=***, email=i-would-never-steal-a@dog.xd}) => USER_LOGIN_SUCCESS?[0m
?[32mListEventsCommand({eventList=[Event{eventNumber=1, title='Puppies against depression', type=Theatre, numTicketsCap=1, ticketPriceInPence=0, venueAddress='55.94368888764689 -3.1888246174917114', description='Please be prepared to pay 2.50 pounds on entry', startDateTime=2023-03-22T16:49:55.485807, endDateTime=2023-03-22T17:49:55.485827, hasSocialDistancing=false, hasAirFiltration=false, isOutdoors=true, status=ACTIVE, numTicketsLeft=1}], searchDate=null, activeEventsOnly=false, userEventsOnly=false}) => LIST_EVENTS_SUCCESS?[0m
?[32mBookEventCommand({numTicketsRequested=1, eventNumber=1}) => BOOK_EVENT_SUCCESS?[0m
?[32mCancelBookingCommand({bookingNumber=1}) => CANCEL_BOOKING_SUCCESS?[0m
?[33mCancelBookingCommand({bookingNumber=1}) => CANCEL_BOOKING_BOOKING_NOT_ACTIVE?[0m
---
]]></system-out>
  <system-err><![CDATA[]]></system-err>
</testsuite>
